<?xml version="1.0" encoding="UTF-8"?>
<!-- Generated by org.testng.reporters.JUnitReportReporter -->
<testsuite hostname="SasaPc" failures="0" tests="1" name="negativTest.TestWithoutDestination" time="7.595" errors="0" timestamp="19 Aug 2021 19:01:50 GMT" skipped="0">
  <testcase classname="negativTest.TestWithoutDestination" name="testWithoutDestination" time="7.595"/>
</testsuite> <!-- negativTest.TestWithoutDestination -->
