<?xml version="1.0" encoding="UTF-8"?>
<!-- Generated by org.testng.reporters.JUnitReportReporter -->
<testsuite hostname="SasaPc" failures="0" tests="1" name="negativTest.TestWithoutInputedChildrenAge" time="12.349" errors="0" timestamp="19 Aug 2021 18:58:35 GMT" skipped="0">
  <testcase classname="negativTest.TestWithoutInputedChildrenAge" name="inputParametarsWithoutChildAge" time="12.349"/>
</testsuite> <!-- negativTest.TestWithoutInputedChildrenAge -->
