<?xml version="1.0" encoding="UTF-8"?>
<!-- Generated by org.testng.reporters.JUnitReportReporter -->
<testsuite hostname="SasaPc" failures="0" tests="1" name="test.TestBooking" time="12.421" errors="0" timestamp="19 Aug 2021 18:37:23 GMT" skipped="0">
  <testcase classname="test.TestBooking" name="testSearchDestination" time="12.421"/>
</testsuite> <!-- test.TestBooking -->
