<?xml version="1.0" encoding="UTF-8"?>
<!-- Generated by org.testng.reporters.JUnitReportReporter -->
<testsuite hostname="SasaPc" failures="0" tests="1" name="negativTest.TestSubscribeWithoutCredentials" time="7.362" errors="0" timestamp="19 Aug 2021 19:48:29 GMT" skipped="0">
  <testcase classname="negativTest.TestSubscribeWithoutCredentials" name="subscribeBlank" time="7.362"/>
</testsuite> <!-- negativTest.TestSubscribeWithoutCredentials -->
